> Task :app:checkKotlinGradlePluginConfigurationErrors SKIPPED
> Task :app:preBuild UP-TO-DATE
> Task :app:preDebugBuild UP-TO-DATE
> Task :app:generateDebugBuildConfig UP-TO-DATE
> Task :app:checkDebugAarMetadata UP-TO-DATE
> Task :app:generateDebugResValues UP-TO-DATE
> Task :app:mapDebugSourceSetPaths UP-TO-DATE
> Task :app:generateDebugResources UP-TO-DATE
> Task :app:mergeDebugResources UP-TO-DATE
> Task :app:packageDebugResources UP-TO-DATE
> Task :app:parseDebugLocalResources UP-TO-DATE
> Task :app:createDebugCompatibleScreenManifests UP-TO-DATE
> Task :app:extractDeepLinksDebug UP-TO-DATE
> Task :app:processDebugMainManifest UP-TO-DATE
> Task :app:processDebugManifest UP-TO-DATE
> Task :app:processDebugManifestForPackage UP-TO-DATE
> Task :app:processDebugResources UP-TO-DATE
> Task :app:kspDebugKotlin

> Task :app:compileDebugKotlin
w: file:///C:/TimerApptest/app/src/main/java/com/example/timerapp/screens/SettingsScreen.kt:114:48 '@property:Deprecated(...) val Icons.Filled.ArrowBack: ImageVector' is deprecated. Use the AutoMirrored version at Icons.AutoMirrored.Filled.ArrowBack.
w: file:///C:/TimerApptest/app/src/main/java/com/example/timerapp/screens/SettingsScreen.kt:230:67 '@property:Deprecated(...) val Icons.Filled.VolumeUp: ImageVector' is deprecated. Use the AutoMirrored version at Icons.AutoMirrored.Filled.VolumeUp.
w: file:///C:/TimerApptest/app/src/main/java/com/example/timerapp/screens/SettingsScreen.kt:230:95 '@property:Deprecated(...) val Icons.Filled.VolumeOff: ImageVector' is deprecated. Use the AutoMirrored version at Icons.AutoMirrored.Filled.VolumeOff.
w: file:///C:/TimerApptest/app/src/main/java/com/example/timerapp/screens/SettingsScreen.kt:297:47 '@property:Deprecated(...) val Icons.Filled.TrendingUp: ImageVector' is deprecated. Use the AutoMirrored version at Icons.AutoMirrored.Filled.TrendingUp.
w: file:///C:/TimerApptest/app/src/main/java/com/example/timerapp/screens/home/HomeScreen.kt:179:26 '@property:Deprecated(...) val LocalLifecycleOwner: ProvidableCompositionLocal<LifecycleOwner>' is deprecated. Moved to lifecycle-runtime-compose library in androidx.lifecycle.compose package.
w: file:///C:/TimerApptest/app/src/main/java/com/example/timerapp/screens/home/HomeScreen.kt:377:13 '@Deprecated(...) @Composable() @ComposableInferredTarget(...) fun SwipeRefresh(state: SwipeRefreshState, onRefresh: () -> Unit, modifier: Modifier = ..., swipeEnabled: Boolean = ..., refreshTriggerDistance: Dp = ..., indicatorAlignment: Alignment = ..., indicatorPadding: PaddingValues = ..., indicator: @Composable() ComposableFunction2<@ParameterName(...) SwipeRefreshState, @ParameterName(...) Dp, Unit> = ..., clipIndicatorToPadding: Boolean = ..., content: @Composable() ComposableFunction0<Unit>): Unit' is deprecated. accompanist/swiperefresh is deprecated.
 The androidx.compose equivalent of SwipeRefresh is Modifier.pullRefresh().
 This is often migrated as:
 Box(modifier = Modifier.pullRefresh(refreshState)) { 
    ... 
    PullRefreshIndicator(...) 
 }
 
 For more migration information, please visit https://google.github.io/accompanist/swiperefresh/#migration.
w: file:///C:/TimerApptest/app/src/main/java/com/example/timerapp/screens/home/HomeScreen.kt:378:25 '@Deprecated(...) @Composable() fun rememberSwipeRefreshState(isRefreshing: Boolean): SwipeRefreshState' is deprecated. accompanist/swiperefresh is deprecated.
     The androidx.compose equivalent of rememberSwipeRefreshState() is rememberPullRefreshState().
     For more migration information, please visit https://google.github.io/accompanist/swiperefresh/#migration.
w: file:///C:/TimerApptest/app/src/main/java/com/example/timerapp/screens/home/HomeScreen.kt:555:78 '@property:Deprecated(...) val Icons.Filled.DirectionsWalk: ImageVector' is deprecated. Use the AutoMirrored version at Icons.AutoMirrored.Filled.DirectionsWalk.

[Incubating] Problems report is available at: file:///C:/TimerApptest/build/reports/problems/problems-report.html

Deprecated Gradle features were used in this build, making it incompatible with Gradle 9.0.

You can use '--warning-mode all' to show the individual deprecation warnings and determine if they come from your own scripts or plugins.

For more on this, please refer to https://docs.gradle.org/8.13/userguide/command_line_interface.html#sec:command_line_warnings in the Gradle documentation.

BUILD SUCCESSFUL in 13s
15 actionable tasks: 2 executed, 13 up-to-date
